<?xml version="1.0" encoding="UTF-8"?>
<testsuite name="PrintUtilsTest" tests="2" skipped="0" failures="0" errors="0" timestamp="2021-11-29T11:09:34" hostname="dhcp-vl2041-23697.eduroam.cornell.edu" time="2.857">
  <properties/>
  <testcase name="testFetchTicket()" classname="PrintUtilsTest" time="1.813"/>
  <testcase name="testPagination()" classname="PrintUtilsTest" time="1.043"/>
  <system-out><![CDATA[]]></system-out>
  <system-err><![CDATA[]]></system-err>
</testsuite>
