<?xml version="1.0" encoding="UTF-8"?>
<testsuite name="PrintUtilsTest" tests="2" skipped="2" failures="0" errors="0" timestamp="2021-11-29T12:27:53" hostname="Stevens-MacBook-Pro-2.local" time="0.001">
  <properties/>
  <testcase name="testFetchTicket()" classname="PrintUtilsTest" time="0.0">
    <skipped/>
  </testcase>
  <testcase name="testPagination()" classname="PrintUtilsTest" time="0.0">
    <skipped/>
  </testcase>
  <system-out><![CDATA[]]></system-out>
  <system-err><![CDATA[]]></system-err>
</testsuite>
